2019-07-18 20:54:42.989  INFO 53436 --- [restartedMain] c.t.parking_lot.ParkingLotApplication    : Starting ParkingLotApplication on ZHA-ITA126-W10 with PID 53436 (D:\OOCL_workplace\IDEA_workplace\homework\Parking-Lot-Template-2019-7-18-8-5-49-775\out\production\classes started by TANGLO2 in D:\OOCL_workplace\IDEA_workplace\homework\Parking-Lot-Template-2019-7-18-8-5-49-775)
2019-07-18 20:54:42.994  INFO 53436 --- [restartedMain] c.t.parking_lot.ParkingLotApplication    : The following profiles are active: local
2019-07-18 20:54:43.039  INFO 53436 --- [restartedMain] .e.DevToolsPropertyDefaultsPostProcessor : Devtools property defaults active! Set 'spring.devtools.add-properties' to 'false' to disable
2019-07-18 20:54:43.044  INFO 53436 --- [restartedMain] .e.DevToolsPropertyDefaultsPostProcessor : For additional web related logging consider setting the 'logging.level.web' property to 'DEBUG'
2019-07-18 20:54:44.275  INFO 53436 --- [restartedMain] .s.d.r.c.RepositoryConfigurationDelegate : Bootstrapping Spring Data repositories in DEFAULT mode.
2019-07-18 20:54:44.384  INFO 53436 --- [restartedMain] .s.d.r.c.RepositoryConfigurationDelegate : Finished Spring Data repository scanning in 91ms. Found 1 repository interfaces.
2019-07-18 20:54:44.755  INFO 53436 --- [restartedMain] trationDelegate$BeanPostProcessorChecker : Bean 'org.springframework.transaction.annotation.ProxyTransactionManagementConfiguration' of type [org.springframework.transaction.annotation.ProxyTransactionManagementConfiguration$$EnhancerBySpringCGLIB$$eaf63aa0] is not eligible for getting processed by all BeanPostProcessors (for example: not eligible for auto-proxying)
2019-07-18 20:54:45.348  INFO 53436 --- [restartedMain] o.s.b.w.embedded.tomcat.TomcatWebServer  : Tomcat initialized with port(s): 8980 (http)
2019-07-18 20:54:45.375  INFO 53436 --- [restartedMain] o.apache.catalina.core.StandardService   : Starting service [Tomcat]
2019-07-18 20:54:45.375  INFO 53436 --- [restartedMain] org.apache.catalina.core.StandardEngine  : Starting Servlet engine: [Apache Tomcat/9.0.21]
2019-07-18 20:54:45.438  INFO 53436 --- [restartedMain] o.a.catalina.core.AprLifecycleListener   : An older version [1.2.16] of the APR based Apache Tomcat Native library is installed, while Tomcat recommends a minimum version of [1.2.21]
2019-07-18 20:54:45.438  INFO 53436 --- [restartedMain] o.a.catalina.core.AprLifecycleListener   : Loaded APR based Apache Tomcat Native library [1.2.16] using APR version [1.6.3].
2019-07-18 20:54:45.439  INFO 53436 --- [restartedMain] o.a.catalina.core.AprLifecycleListener   : APR capabilities: IPv6 [true], sendfile [true], accept filters [false], random [true].
2019-07-18 20:54:45.439  INFO 53436 --- [restartedMain] o.a.catalina.core.AprLifecycleListener   : APR/OpenSSL configuration: useAprConnector [false], useOpenSSL [true]
2019-07-18 20:54:46.504  INFO 53436 --- [restartedMain] o.a.catalina.core.AprLifecycleListener   : OpenSSL successfully initialized [OpenSSL 1.0.2m  2 Nov 2017]
2019-07-18 20:54:46.633  INFO 53436 --- [restartedMain] o.a.c.c.C.[Tomcat].[localhost].[/]       : Initializing Spring embedded WebApplicationContext
2019-07-18 20:54:46.633 DEBUG 53436 --- [restartedMain] o.s.web.context.ContextLoader            : Published root WebApplicationContext as ServletContext attribute with name [org.springframework.web.context.WebApplicationContext.ROOT]
2019-07-18 20:54:46.633  INFO 53436 --- [restartedMain] o.s.web.context.ContextLoader            : Root WebApplicationContext: initialization completed in 3589 ms
2019-07-18 20:54:46.799  INFO 53436 --- [restartedMain] com.zaxxer.hikari.HikariDataSource       : HikariPool-1 - Starting...
2019-07-18 20:54:46.996  INFO 53436 --- [restartedMain] com.zaxxer.hikari.HikariDataSource       : HikariPool-1 - Start completed.
2019-07-18 20:54:48.123  INFO 53436 --- [restartedMain] j.LocalContainerEntityManagerFactoryBean : Initialized JPA EntityManagerFactory for persistence unit 'default'
2019-07-18 20:54:48.139  INFO 53436 --- [restartedMain] o.s.b.d.a.OptionalLiveReloadServer       : LiveReload server is running on port 35729
2019-07-18 20:54:48.415 DEBUG 53436 --- [restartedMain] o.s.w.s.handler.SimpleUrlHandlerMapping  : Patterns [/**/favicon.ico] in 'faviconHandlerMapping'
2019-07-18 20:54:48.583  INFO 53436 --- [restartedMain] o.s.s.concurrent.ThreadPoolTaskExecutor  : Initializing ExecutorService 'applicationTaskExecutor'
2019-07-18 20:54:48.592 DEBUG 53436 --- [restartedMain] s.w.s.m.m.a.RequestMappingHandlerAdapter : ControllerAdvice beans: 0 @ModelAttribute, 0 @InitBinder, 1 RequestBodyAdvice, 1 ResponseBodyAdvice
2019-07-18 20:54:48.637  WARN 53436 --- [restartedMain] aWebConfiguration$JpaWebMvcConfiguration : spring.jpa.open-in-view is enabled by default. Therefore, database queries may be performed during view rendering. Explicitly configure spring.jpa.open-in-view to disable this warning
2019-07-18 20:54:48.664 DEBUG 53436 --- [restartedMain] s.w.s.m.m.a.RequestMappingHandlerMapping : 6 mappings in 'requestMappingHandlerMapping'
2019-07-18 20:54:48.819 DEBUG 53436 --- [restartedMain] o.s.w.s.handler.SimpleUrlHandlerMapping  : Patterns [/webjars/**, /**] in 'resourceHandlerMapping'
2019-07-18 20:54:48.829 DEBUG 53436 --- [restartedMain] .m.m.a.ExceptionHandlerExceptionResolver : ControllerAdvice beans: 0 @ExceptionHandler, 1 ResponseBodyAdvice
2019-07-18 20:54:49.008  INFO 53436 --- [restartedMain] o.s.b.w.embedded.tomcat.TomcatWebServer  : Tomcat started on port(s): 8980 (http) with context path ''
2019-07-18 20:54:49.010  INFO 53436 --- [restartedMain] c.t.parking_lot.ParkingLotApplication    : Started ParkingLotApplication in 6.556 seconds (JVM running for 7.185)
2019-07-18 20:54:51.555  INFO 53436 --- [http-nio-8980-exec-2] o.a.c.c.C.[Tomcat].[localhost].[/]       : Initializing Spring DispatcherServlet 'dispatcherServlet'
2019-07-18 20:54:51.555  INFO 53436 --- [http-nio-8980-exec-2] o.s.web.servlet.DispatcherServlet        : Initializing Servlet 'dispatcherServlet'
2019-07-18 20:54:51.555 DEBUG 53436 --- [http-nio-8980-exec-2] o.s.web.servlet.DispatcherServlet        : Detected StandardServletMultipartResolver
2019-07-18 20:54:51.563 DEBUG 53436 --- [http-nio-8980-exec-2] o.s.web.servlet.DispatcherServlet        : enableLoggingRequestDetails='false': request parameters and headers will be masked to prevent unsafe logging of potentially sensitive data
2019-07-18 20:54:51.563  INFO 53436 --- [http-nio-8980-exec-2] o.s.web.servlet.DispatcherServlet        : Completed initialization in 8 ms
2019-07-18 20:54:51.573 DEBUG 53436 --- [http-nio-8980-exec-2] o.s.web.servlet.DispatcherServlet        : GET "/parkingLot/2", parameters={}
2019-07-18 20:54:51.581 DEBUG 53436 --- [http-nio-8980-exec-2] s.w.s.m.m.a.RequestMappingHandlerMapping : Mapped to public java.lang.String com.thoughtworks.parking_lot.controller.ParkingLotController.showParkingLotsAccodingToPage(java.lang.Long)
2019-07-18 20:54:51.634 DEBUG 53436 --- [http-nio-8980-exec-2] o.s.web.servlet.DispatcherServlet        : Failed to complete request: java.util.NoSuchElementException: No value present
2019-07-18 20:54:51.639 ERROR 53436 --- [http-nio-8980-exec-2] o.a.c.c.C.[.[.[/].[dispatcherServlet]    : Servlet.service() for servlet [dispatcherServlet] in context with path [] threw exception [Request processing failed; nested exception is java.util.NoSuchElementException: No value present] with root cause

java.util.NoSuchElementException: No value present
	at java.util.Optional.get(Optional.java:135) ~[na:1.8.0_201]
	at com.thoughtworks.parking_lot.controller.ParkingLotController.showParkingLotsAccodingToPage(ParkingLotController.java:49) ~[classes/:na]
	at sun.reflect.NativeMethodAccessorImpl.invoke0(Native Method) ~[na:1.8.0_201]
	at sun.reflect.NativeMethodAccessorImpl.invoke(NativeMethodAccessorImpl.java:62) ~[na:1.8.0_201]
	at sun.reflect.DelegatingMethodAccessorImpl.invoke(DelegatingMethodAccessorImpl.java:43) ~[na:1.8.0_201]
	at java.lang.reflect.Method.invoke(Method.java:498) ~[na:1.8.0_201]
	at org.springframework.web.method.support.InvocableHandlerMethod.doInvoke(InvocableHandlerMethod.java:190) ~[spring-web-5.1.8.RELEASE.jar:5.1.8.RELEASE]
	at org.springframework.web.method.support.InvocableHandlerMethod.invokeForRequest(InvocableHandlerMethod.java:138) ~[spring-web-5.1.8.RELEASE.jar:5.1.8.RELEASE]
	at org.springframework.web.servlet.mvc.method.annotation.ServletInvocableHandlerMethod.invokeAndHandle(ServletInvocableHandlerMethod.java:104) ~[spring-webmvc-5.1.8.RELEASE.jar:5.1.8.RELEASE]
	at org.springframework.web.servlet.mvc.method.annotation.RequestMappingHandlerAdapter.invokeHandlerMethod(RequestMappingHandlerAdapter.java:892) ~[spring-webmvc-5.1.8.RELEASE.jar:5.1.8.RELEASE]
	at org.springframework.web.servlet.mvc.method.annotation.RequestMappingHandlerAdapter.handleInternal(RequestMappingHandlerAdapter.java:797) ~[spring-webmvc-5.1.8.RELEASE.jar:5.1.8.RELEASE]
	at org.springframework.web.servlet.mvc.method.AbstractHandlerMethodAdapter.handle(AbstractHandlerMethodAdapter.java:87) ~[spring-webmvc-5.1.8.RELEASE.jar:5.1.8.RELEASE]
	at org.springframework.web.servlet.DispatcherServlet.doDispatch(DispatcherServlet.java:1039) ~[spring-webmvc-5.1.8.RELEASE.jar:5.1.8.RELEASE]
	at org.springframework.web.servlet.DispatcherServlet.doService(DispatcherServlet.java:942) ~[spring-webmvc-5.1.8.RELEASE.jar:5.1.8.RELEASE]
	at org.springframework.web.servlet.FrameworkServlet.processRequest(FrameworkServlet.java:1005) ~[spring-webmvc-5.1.8.RELEASE.jar:5.1.8.RELEASE]
	at org.springframework.web.servlet.FrameworkServlet.doGet(FrameworkServlet.java:897) ~[spring-webmvc-5.1.8.RELEASE.jar:5.1.8.RELEASE]
	at javax.servlet.http.HttpServlet.service(HttpServlet.java:634) ~[tomcat-embed-core-9.0.21.jar:9.0.21]
	at org.springframework.web.servlet.FrameworkServlet.service(FrameworkServlet.java:882) ~[spring-webmvc-5.1.8.RELEASE.jar:5.1.8.RELEASE]
	at javax.servlet.http.HttpServlet.service(HttpServlet.java:741) ~[tomcat-embed-core-9.0.21.jar:9.0.21]
	at org.apache.catalina.core.ApplicationFilterChain.internalDoFilter(ApplicationFilterChain.java:231) ~[tomcat-embed-core-9.0.21.jar:9.0.21]
	at org.apache.catalina.core.ApplicationFilterChain.doFilter(ApplicationFilterChain.java:166) ~[tomcat-embed-core-9.0.21.jar:9.0.21]
	at org.apache.tomcat.websocket.server.WsFilter.doFilter(WsFilter.java:53) ~[tomcat-embed-websocket-9.0.21.jar:9.0.21]
	at org.apache.catalina.core.ApplicationFilterChain.internalDoFilter(ApplicationFilterChain.java:193) ~[tomcat-embed-core-9.0.21.jar:9.0.21]
	at org.apache.catalina.core.ApplicationFilterChain.doFilter(ApplicationFilterChain.java:166) ~[tomcat-embed-core-9.0.21.jar:9.0.21]
	at org.springframework.web.filter.RequestContextFilter.doFilterInternal(RequestContextFilter.java:99) ~[spring-web-5.1.8.RELEASE.jar:5.1.8.RELEASE]
	at org.springframework.web.filter.OncePerRequestFilter.doFilter(OncePerRequestFilter.java:109) ~[spring-web-5.1.8.RELEASE.jar:5.1.8.RELEASE]
	at org.apache.catalina.core.ApplicationFilterChain.internalDoFilter(ApplicationFilterChain.java:193) ~[tomcat-embed-core-9.0.21.jar:9.0.21]
	at org.apache.catalina.core.ApplicationFilterChain.doFilter(ApplicationFilterChain.java:166) ~[tomcat-embed-core-9.0.21.jar:9.0.21]
	at org.springframework.web.filter.FormContentFilter.doFilterInternal(FormContentFilter.java:92) ~[spring-web-5.1.8.RELEASE.jar:5.1.8.RELEASE]
	at org.springframework.web.filter.OncePerRequestFilter.doFilter(OncePerRequestFilter.java:109) ~[spring-web-5.1.8.RELEASE.jar:5.1.8.RELEASE]
	at org.apache.catalina.core.ApplicationFilterChain.internalDoFilter(ApplicationFilterChain.java:193) ~[tomcat-embed-core-9.0.21.jar:9.0.21]
	at org.apache.catalina.core.ApplicationFilterChain.doFilter(ApplicationFilterChain.java:166) ~[tomcat-embed-core-9.0.21.jar:9.0.21]
	at org.springframework.web.filter.HiddenHttpMethodFilter.doFilterInternal(HiddenHttpMethodFilter.java:93) ~[spring-web-5.1.8.RELEASE.jar:5.1.8.RELEASE]
	at org.springframework.web.filter.OncePerRequestFilter.doFilter(OncePerRequestFilter.java:109) ~[spring-web-5.1.8.RELEASE.jar:5.1.8.RELEASE]
	at org.apache.catalina.core.ApplicationFilterChain.internalDoFilter(ApplicationFilterChain.java:193) ~[tomcat-embed-core-9.0.21.jar:9.0.21]
	at org.apache.catalina.core.ApplicationFilterChain.doFilter(ApplicationFilterChain.java:166) ~[tomcat-embed-core-9.0.21.jar:9.0.21]
	at org.springframework.web.filter.CharacterEncodingFilter.doFilterInternal(CharacterEncodingFilter.java:200) ~[spring-web-5.1.8.RELEASE.jar:5.1.8.RELEASE]
	at org.springframework.web.filter.OncePerRequestFilter.doFilter(OncePerRequestFilter.java:109) ~[spring-web-5.1.8.RELEASE.jar:5.1.8.RELEASE]
	at org.apache.catalina.core.ApplicationFilterChain.internalDoFilter(ApplicationFilterChain.java:193) ~[tomcat-embed-core-9.0.21.jar:9.0.21]
	at org.apache.catalina.core.ApplicationFilterChain.doFilter(ApplicationFilterChain.java:166) ~[tomcat-embed-core-9.0.21.jar:9.0.21]
	at org.apache.catalina.core.StandardWrapperValve.invoke(StandardWrapperValve.java:202) ~[tomcat-embed-core-9.0.21.jar:9.0.21]
	at org.apache.catalina.core.StandardContextValve.invoke(StandardContextValve.java:96) [tomcat-embed-core-9.0.21.jar:9.0.21]
	at org.apache.catalina.authenticator.AuthenticatorBase.invoke(AuthenticatorBase.java:490) [tomcat-embed-core-9.0.21.jar:9.0.21]
	at org.apache.catalina.core.StandardHostValve.invoke(StandardHostValve.java:139) [tomcat-embed-core-9.0.21.jar:9.0.21]
	at org.apache.catalina.valves.ErrorReportValve.invoke(ErrorReportValve.java:92) [tomcat-embed-core-9.0.21.jar:9.0.21]
	at org.apache.catalina.core.StandardEngineValve.invoke(StandardEngineValve.java:74) [tomcat-embed-core-9.0.21.jar:9.0.21]
	at org.apache.catalina.connector.CoyoteAdapter.service(CoyoteAdapter.java:343) [tomcat-embed-core-9.0.21.jar:9.0.21]
	at org.apache.coyote.http11.Http11Processor.service(Http11Processor.java:408) [tomcat-embed-core-9.0.21.jar:9.0.21]
	at org.apache.coyote.AbstractProcessorLight.process(AbstractProcessorLight.java:66) [tomcat-embed-core-9.0.21.jar:9.0.21]
	at org.apache.coyote.AbstractProtocol$ConnectionHandler.process(AbstractProtocol.java:853) [tomcat-embed-core-9.0.21.jar:9.0.21]
	at org.apache.tomcat.util.net.NioEndpoint$SocketProcessor.doRun(NioEndpoint.java:1587) [tomcat-embed-core-9.0.21.jar:9.0.21]
	at org.apache.tomcat.util.net.SocketProcessorBase.run(SocketProcessorBase.java:49) [tomcat-embed-core-9.0.21.jar:9.0.21]
	at java.util.concurrent.ThreadPoolExecutor.runWorker(ThreadPoolExecutor.java:1149) [na:1.8.0_201]
	at java.util.concurrent.ThreadPoolExecutor$Worker.run(ThreadPoolExecutor.java:624) [na:1.8.0_201]
	at org.apache.tomcat.util.threads.TaskThread$WrappingRunnable.run(TaskThread.java:61) [tomcat-embed-core-9.0.21.jar:9.0.21]
	at java.lang.Thread.run(Thread.java:748) [na:1.8.0_201]

2019-07-18 20:54:51.645 DEBUG 53436 --- [http-nio-8980-exec-2] o.s.web.servlet.DispatcherServlet        : "ERROR" dispatch for GET "/error", parameters={}
2019-07-18 20:54:51.646 DEBUG 53436 --- [http-nio-8980-exec-2] s.w.s.m.m.a.RequestMappingHandlerMapping : Mapped to public org.springframework.http.ResponseEntity<java.util.Map<java.lang.String, java.lang.Object>> org.springframework.boot.autoconfigure.web.servlet.error.BasicErrorController.error(javax.servlet.http.HttpServletRequest)
2019-07-18 20:54:51.664 DEBUG 53436 --- [http-nio-8980-exec-2] o.s.w.s.m.m.a.HttpEntityMethodProcessor  : Using 'application/json', given [*/*] and supported [application/json, application/*+json, application/json, application/*+json]
2019-07-18 20:54:51.664 DEBUG 53436 --- [http-nio-8980-exec-2] o.s.w.s.m.m.a.HttpEntityMethodProcessor  : Writing [{timestamp=Thu Jul 18 20:54:51 CST 2019, status=500, error=Internal Server Error, message=No value p (truncated)...]
2019-07-18 20:54:51.699 DEBUG 53436 --- [http-nio-8980-exec-2] o.s.web.servlet.DispatcherServlet        : Exiting from "ERROR" dispatch, status 500
2019-07-18 20:55:00.840 DEBUG 53436 --- [http-nio-8980-exec-4] o.s.web.servlet.DispatcherServlet        : GET "/parkingLot", parameters={}
2019-07-18 20:55:00.841 DEBUG 53436 --- [http-nio-8980-exec-4] s.w.s.m.m.a.RequestMappingHandlerMapping : Mapped to public void com.thoughtworks.parking_lot.controller.ParkingLotController.init()
2019-07-18 20:55:01.091 DEBUG 53436 --- [http-nio-8980-exec-4] m.m.a.RequestResponseBodyMethodProcessor : Using 'application/json', given [*/*] and supported [application/json, application/*+json, application/json, application/*+json]
2019-07-18 20:55:01.092 DEBUG 53436 --- [http-nio-8980-exec-4] m.m.a.RequestResponseBodyMethodProcessor : Nothing to write: null body
2019-07-18 20:55:01.092 DEBUG 53436 --- [http-nio-8980-exec-4] o.s.web.servlet.DispatcherServlet        : Completed 200 OK
2019-07-18 20:55:47.779  INFO 69264 --- [restartedMain] c.t.parking_lot.ParkingLotApplication    : Starting ParkingLotApplication on ZHA-ITA126-W10 with PID 69264 (D:\OOCL_workplace\IDEA_workplace\homework\Parking-Lot-Template-2019-7-18-8-5-49-775\out\production\classes started by TANGLO2 in D:\OOCL_workplace\IDEA_workplace\homework\Parking-Lot-Template-2019-7-18-8-5-49-775)
2019-07-18 20:55:47.779  INFO 69264 --- [restartedMain] c.t.parking_lot.ParkingLotApplication    : The following profiles are active: local
2019-07-18 20:55:47.829  INFO 69264 --- [restartedMain] .e.DevToolsPropertyDefaultsPostProcessor : Devtools property defaults active! Set 'spring.devtools.add-properties' to 'false' to disable
2019-07-18 20:55:47.829  INFO 69264 --- [restartedMain] .e.DevToolsPropertyDefaultsPostProcessor : For additional web related logging consider setting the 'logging.level.web' property to 'DEBUG'
2019-07-18 20:55:48.852  INFO 69264 --- [restartedMain] .s.d.r.c.RepositoryConfigurationDelegate : Bootstrapping Spring Data repositories in DEFAULT mode.
2019-07-18 20:55:48.941  INFO 69264 --- [restartedMain] .s.d.r.c.RepositoryConfigurationDelegate : Finished Spring Data repository scanning in 76ms. Found 1 repository interfaces.
2019-07-18 20:55:49.371  INFO 69264 --- [restartedMain] trationDelegate$BeanPostProcessorChecker : Bean 'org.springframework.transaction.annotation.ProxyTransactionManagementConfiguration' of type [org.springframework.transaction.annotation.ProxyTransactionManagementConfiguration$$EnhancerBySpringCGLIB$$e374fdb1] is not eligible for getting processed by all BeanPostProcessors (for example: not eligible for auto-proxying)
2019-07-18 20:55:50.004  INFO 69264 --- [restartedMain] o.s.b.w.embedded.tomcat.TomcatWebServer  : Tomcat initialized with port(s): 8980 (http)
2019-07-18 20:55:50.035  INFO 69264 --- [restartedMain] o.apache.catalina.core.StandardService   : Starting service [Tomcat]
2019-07-18 20:55:50.036  INFO 69264 --- [restartedMain] org.apache.catalina.core.StandardEngine  : Starting Servlet engine: [Apache Tomcat/9.0.21]
2019-07-18 20:55:50.100  INFO 69264 --- [restartedMain] o.a.catalina.core.AprLifecycleListener   : An older version [1.2.16] of the APR based Apache Tomcat Native library is installed, while Tomcat recommends a minimum version of [1.2.21]
2019-07-18 20:55:50.101  INFO 69264 --- [restartedMain] o.a.catalina.core.AprLifecycleListener   : Loaded APR based Apache Tomcat Native library [1.2.16] using APR version [1.6.3].
2019-07-18 20:55:50.101  INFO 69264 --- [restartedMain] o.a.catalina.core.AprLifecycleListener   : APR capabilities: IPv6 [true], sendfile [true], accept filters [false], random [true].
2019-07-18 20:55:50.101  INFO 69264 --- [restartedMain] o.a.catalina.core.AprLifecycleListener   : APR/OpenSSL configuration: useAprConnector [false], useOpenSSL [true]
2019-07-18 20:55:51.159  INFO 69264 --- [restartedMain] o.a.catalina.core.AprLifecycleListener   : OpenSSL successfully initialized [OpenSSL 1.0.2m  2 Nov 2017]
2019-07-18 20:55:51.284  INFO 69264 --- [restartedMain] o.a.c.c.C.[Tomcat].[localhost].[/]       : Initializing Spring embedded WebApplicationContext
2019-07-18 20:55:51.284 DEBUG 69264 --- [restartedMain] o.s.web.context.ContextLoader            : Published root WebApplicationContext as ServletContext attribute with name [org.springframework.web.context.WebApplicationContext.ROOT]
2019-07-18 20:55:51.284  INFO 69264 --- [restartedMain] o.s.web.context.ContextLoader            : Root WebApplicationContext: initialization completed in 3455 ms
2019-07-18 20:55:51.450  INFO 69264 --- [restartedMain] com.zaxxer.hikari.HikariDataSource       : HikariPool-1 - Starting...
2019-07-18 20:55:51.642  INFO 69264 --- [restartedMain] com.zaxxer.hikari.HikariDataSource       : HikariPool-1 - Start completed.
2019-07-18 20:55:52.724  INFO 69264 --- [restartedMain] j.LocalContainerEntityManagerFactoryBean : Initialized JPA EntityManagerFactory for persistence unit 'default'
2019-07-18 20:55:52.747  INFO 69264 --- [restartedMain] o.s.b.d.a.OptionalLiveReloadServer       : LiveReload server is running on port 35729
2019-07-18 20:55:53.036 DEBUG 69264 --- [restartedMain] o.s.w.s.handler.SimpleUrlHandlerMapping  : Patterns [/**/favicon.ico] in 'faviconHandlerMapping'
2019-07-18 20:55:53.169  INFO 69264 --- [restartedMain] o.s.s.concurrent.ThreadPoolTaskExecutor  : Initializing ExecutorService 'applicationTaskExecutor'
2019-07-18 20:55:53.179 DEBUG 69264 --- [restartedMain] s.w.s.m.m.a.RequestMappingHandlerAdapter : ControllerAdvice beans: 0 @ModelAttribute, 0 @InitBinder, 1 RequestBodyAdvice, 1 ResponseBodyAdvice
2019-07-18 20:55:53.219  WARN 69264 --- [restartedMain] aWebConfiguration$JpaWebMvcConfiguration : spring.jpa.open-in-view is enabled by default. Therefore, database queries may be performed during view rendering. Explicitly configure spring.jpa.open-in-view to disable this warning
2019-07-18 20:55:53.393 DEBUG 69264 --- [restartedMain] s.w.s.m.m.a.RequestMappingHandlerMapping : 6 mappings in 'requestMappingHandlerMapping'
2019-07-18 20:55:53.420 DEBUG 69264 --- [restartedMain] o.s.w.s.handler.SimpleUrlHandlerMapping  : Patterns [/webjars/**, /**] in 'resourceHandlerMapping'
2019-07-18 20:55:53.429 DEBUG 69264 --- [restartedMain] .m.m.a.ExceptionHandlerExceptionResolver : ControllerAdvice beans: 0 @ExceptionHandler, 1 ResponseBodyAdvice
2019-07-18 20:55:53.621  INFO 69264 --- [restartedMain] o.s.b.w.embedded.tomcat.TomcatWebServer  : Tomcat started on port(s): 8980 (http) with context path ''
2019-07-18 20:55:53.626  INFO 69264 --- [restartedMain] c.t.parking_lot.ParkingLotApplication    : Started ParkingLotApplication in 6.397 seconds (JVM running for 6.989)
2019-07-18 20:55:53.953  INFO 69264 --- [http-nio-8980-exec-1] o.a.c.c.C.[Tomcat].[localhost].[/]       : Initializing Spring DispatcherServlet 'dispatcherServlet'
2019-07-18 20:55:53.953  INFO 69264 --- [http-nio-8980-exec-1] o.s.web.servlet.DispatcherServlet        : Initializing Servlet 'dispatcherServlet'
2019-07-18 20:55:53.953 DEBUG 69264 --- [http-nio-8980-exec-1] o.s.web.servlet.DispatcherServlet        : Detected StandardServletMultipartResolver
2019-07-18 20:55:53.960 DEBUG 69264 --- [http-nio-8980-exec-1] o.s.web.servlet.DispatcherServlet        : enableLoggingRequestDetails='false': request parameters and headers will be masked to prevent unsafe logging of potentially sensitive data
2019-07-18 20:55:53.960  INFO 69264 --- [http-nio-8980-exec-1] o.s.web.servlet.DispatcherServlet        : Completed initialization in 7 ms
2019-07-18 20:55:53.969 DEBUG 69264 --- [http-nio-8980-exec-1] o.s.web.servlet.DispatcherServlet        : GET "/parkingLot", parameters={}
2019-07-18 20:55:53.975 DEBUG 69264 --- [http-nio-8980-exec-1] s.w.s.m.m.a.RequestMappingHandlerMapping : Mapped to public void com.thoughtworks.parking_lot.controller.ParkingLotController.init()
2019-07-18 20:55:54.224 DEBUG 69264 --- [http-nio-8980-exec-1] m.m.a.RequestResponseBodyMethodProcessor : Using 'application/json', given [*/*] and supported [application/json, application/*+json, application/json, application/*+json]
2019-07-18 20:55:54.224 DEBUG 69264 --- [http-nio-8980-exec-1] m.m.a.RequestResponseBodyMethodProcessor : Nothing to write: null body
2019-07-18 20:55:54.229 DEBUG 69264 --- [http-nio-8980-exec-1] o.s.web.servlet.DispatcherServlet        : Completed 200 OK
2019-07-18 21:02:41.444  INFO 4540 --- [restartedMain] c.t.parking_lot.ParkingLotApplication    : Starting ParkingLotApplication on ZHA-ITA126-W10 with PID 4540 (D:\OOCL_workplace\IDEA_workplace\homework\Parking-Lot-Template-2019-7-18-8-5-49-775\out\production\classes started by TANGLO2 in D:\OOCL_workplace\IDEA_workplace\homework\Parking-Lot-Template-2019-7-18-8-5-49-775)
2019-07-18 21:02:41.447  INFO 4540 --- [restartedMain] c.t.parking_lot.ParkingLotApplication    : The following profiles are active: local
2019-07-18 21:02:41.490  INFO 4540 --- [restartedMain] .e.DevToolsPropertyDefaultsPostProcessor : Devtools property defaults active! Set 'spring.devtools.add-properties' to 'false' to disable
2019-07-18 21:02:41.490  INFO 4540 --- [restartedMain] .e.DevToolsPropertyDefaultsPostProcessor : For additional web related logging consider setting the 'logging.level.web' property to 'DEBUG'
2019-07-18 21:02:42.628  INFO 4540 --- [restartedMain] .s.d.r.c.RepositoryConfigurationDelegate : Bootstrapping Spring Data repositories in DEFAULT mode.
2019-07-18 21:02:42.695  INFO 4540 --- [restartedMain] .s.d.r.c.RepositoryConfigurationDelegate : Finished Spring Data repository scanning in 56ms. Found 1 repository interfaces.
2019-07-18 21:02:43.043  INFO 4540 --- [restartedMain] trationDelegate$BeanPostProcessorChecker : Bean 'org.springframework.transaction.annotation.ProxyTransactionManagementConfiguration' of type [org.springframework.transaction.annotation.ProxyTransactionManagementConfiguration$$EnhancerBySpringCGLIB$$f95fbb31] is not eligible for getting processed by all BeanPostProcessors (for example: not eligible for auto-proxying)
2019-07-18 21:02:43.639  INFO 4540 --- [restartedMain] o.s.b.w.embedded.tomcat.TomcatWebServer  : Tomcat initialized with port(s): 8980 (http)
2019-07-18 21:02:43.664  INFO 4540 --- [restartedMain] o.apache.catalina.core.StandardService   : Starting service [Tomcat]
2019-07-18 21:02:43.664  INFO 4540 --- [restartedMain] org.apache.catalina.core.StandardEngine  : Starting Servlet engine: [Apache Tomcat/9.0.21]
2019-07-18 21:02:43.761  INFO 4540 --- [restartedMain] o.a.catalina.core.AprLifecycleListener   : An older version [1.2.16] of the APR based Apache Tomcat Native library is installed, while Tomcat recommends a minimum version of [1.2.21]
2019-07-18 21:02:43.762  INFO 4540 --- [restartedMain] o.a.catalina.core.AprLifecycleListener   : Loaded APR based Apache Tomcat Native library [1.2.16] using APR version [1.6.3].
2019-07-18 21:02:43.762  INFO 4540 --- [restartedMain] o.a.catalina.core.AprLifecycleListener   : APR capabilities: IPv6 [true], sendfile [true], accept filters [false], random [true].
2019-07-18 21:02:43.762  INFO 4540 --- [restartedMain] o.a.catalina.core.AprLifecycleListener   : APR/OpenSSL configuration: useAprConnector [false], useOpenSSL [true]
2019-07-18 21:02:44.820  INFO 4540 --- [restartedMain] o.a.catalina.core.AprLifecycleListener   : OpenSSL successfully initialized [OpenSSL 1.0.2m  2 Nov 2017]
2019-07-18 21:02:44.961  INFO 4540 --- [restartedMain] o.a.c.c.C.[Tomcat].[localhost].[/]       : Initializing Spring embedded WebApplicationContext
2019-07-18 21:02:44.961 DEBUG 4540 --- [restartedMain] o.s.web.context.ContextLoader            : Published root WebApplicationContext as ServletContext attribute with name [org.springframework.web.context.WebApplicationContext.ROOT]
2019-07-18 21:02:44.962  INFO 4540 --- [restartedMain] o.s.web.context.ContextLoader            : Root WebApplicationContext: initialization completed in 3472 ms
2019-07-18 21:02:45.143  INFO 4540 --- [restartedMain] com.zaxxer.hikari.HikariDataSource       : HikariPool-1 - Starting...
2019-07-18 21:02:45.320  INFO 4540 --- [restartedMain] com.zaxxer.hikari.HikariDataSource       : HikariPool-1 - Start completed.
2019-07-18 21:02:46.389  INFO 4540 --- [restartedMain] j.LocalContainerEntityManagerFactoryBean : Initialized JPA EntityManagerFactory for persistence unit 'default'
2019-07-18 21:02:46.408  INFO 4540 --- [restartedMain] o.s.b.d.a.OptionalLiveReloadServer       : LiveReload server is running on port 35729
2019-07-18 21:02:46.695 DEBUG 4540 --- [restartedMain] o.s.w.s.handler.SimpleUrlHandlerMapping  : Patterns [/**/favicon.ico] in 'faviconHandlerMapping'
2019-07-18 21:02:46.830  INFO 4540 --- [restartedMain] o.s.s.concurrent.ThreadPoolTaskExecutor  : Initializing ExecutorService 'applicationTaskExecutor'
2019-07-18 21:02:46.840 DEBUG 4540 --- [restartedMain] s.w.s.m.m.a.RequestMappingHandlerAdapter : ControllerAdvice beans: 0 @ModelAttribute, 0 @InitBinder, 1 RequestBodyAdvice, 1 ResponseBodyAdvice
2019-07-18 21:02:46.876  WARN 4540 --- [restartedMain] aWebConfiguration$JpaWebMvcConfiguration : spring.jpa.open-in-view is enabled by default. Therefore, database queries may be performed during view rendering. Explicitly configure spring.jpa.open-in-view to disable this warning
2019-07-18 21:02:46.907 DEBUG 4540 --- [restartedMain] s.w.s.m.m.a.RequestMappingHandlerMapping : 7 mappings in 'requestMappingHandlerMapping'
2019-07-18 21:02:47.064 DEBUG 4540 --- [restartedMain] o.s.w.s.handler.SimpleUrlHandlerMapping  : Patterns [/webjars/**, /**] in 'resourceHandlerMapping'
2019-07-18 21:02:47.072 DEBUG 4540 --- [restartedMain] .m.m.a.ExceptionHandlerExceptionResolver : ControllerAdvice beans: 0 @ExceptionHandler, 1 ResponseBodyAdvice
2019-07-18 21:02:47.240  INFO 4540 --- [restartedMain] o.s.b.w.embedded.tomcat.TomcatWebServer  : Tomcat started on port(s): 8980 (http) with context path ''
2019-07-18 21:02:47.240  INFO 4540 --- [restartedMain] c.t.parking_lot.ParkingLotApplication    : Started ParkingLotApplication in 6.398 seconds (JVM running for 6.981)
2019-07-18 21:02:48.123  INFO 4540 --- [http-nio-8980-exec-2] o.a.c.c.C.[Tomcat].[localhost].[/]       : Initializing Spring DispatcherServlet 'dispatcherServlet'
2019-07-18 21:02:48.124  INFO 4540 --- [http-nio-8980-exec-2] o.s.web.servlet.DispatcherServlet        : Initializing Servlet 'dispatcherServlet'
2019-07-18 21:02:48.124 DEBUG 4540 --- [http-nio-8980-exec-2] o.s.web.servlet.DispatcherServlet        : Detected StandardServletMultipartResolver
2019-07-18 21:02:48.132 DEBUG 4540 --- [http-nio-8980-exec-2] o.s.web.servlet.DispatcherServlet        : enableLoggingRequestDetails='false': request parameters and headers will be masked to prevent unsafe logging of potentially sensitive data
2019-07-18 21:02:48.132  INFO 4540 --- [http-nio-8980-exec-2] o.s.web.servlet.DispatcherServlet        : Completed initialization in 8 ms
2019-07-18 21:02:48.142 DEBUG 4540 --- [http-nio-8980-exec-2] o.s.web.servlet.DispatcherServlet        : GET "/parkingLot", parameters={}
2019-07-18 21:02:48.147 DEBUG 4540 --- [http-nio-8980-exec-2] s.w.s.m.m.a.RequestMappingHandlerMapping : Mapped to public void com.thoughtworks.parking_lot.controller.ParkingLotController.init()
2019-07-18 21:02:48.422 DEBUG 4540 --- [http-nio-8980-exec-2] m.m.a.RequestResponseBodyMethodProcessor : Using 'application/json', given [*/*] and supported [application/json, application/*+json, application/json, application/*+json]
2019-07-18 21:02:48.423 DEBUG 4540 --- [http-nio-8980-exec-2] m.m.a.RequestResponseBodyMethodProcessor : Nothing to write: null body
2019-07-18 21:02:48.424 DEBUG 4540 --- [http-nio-8980-exec-2] o.s.web.servlet.DispatcherServlet        : Completed 200 OK
2019-07-18 21:03:24.159 DEBUG 4540 --- [http-nio-8980-exec-3] o.s.web.servlet.DispatcherServlet        : GET "/parkingLot/1?newCapacity=100", parameters={masked}
2019-07-18 21:03:24.161 DEBUG 4540 --- [http-nio-8980-exec-3] s.w.s.m.m.a.RequestMappingHandlerMapping : Mapped to public java.lang.String com.thoughtworks.parking_lot.controller.ParkingLotController.showParkingLotsAccodingToPage(java.lang.Long)
2019-07-18 21:03:24.179 DEBUG 4540 --- [http-nio-8980-exec-3] o.s.web.servlet.DispatcherServlet        : Failed to complete request: java.util.NoSuchElementException: No value present
2019-07-18 21:03:24.190 ERROR 4540 --- [http-nio-8980-exec-3] o.a.c.c.C.[.[.[/].[dispatcherServlet]    : Servlet.service() for servlet [dispatcherServlet] in context with path [] threw exception [Request processing failed; nested exception is java.util.NoSuchElementException: No value present] with root cause

java.util.NoSuchElementException: No value present
	at java.util.Optional.get(Optional.java:135) ~[na:1.8.0_201]
	at com.thoughtworks.parking_lot.controller.ParkingLotController.showParkingLotsAccodingToPage(ParkingLotController.java:49) ~[classes/:na]
	at sun.reflect.NativeMethodAccessorImpl.invoke0(Native Method) ~[na:1.8.0_201]
	at sun.reflect.NativeMethodAccessorImpl.invoke(NativeMethodAccessorImpl.java:62) ~[na:1.8.0_201]
	at sun.reflect.DelegatingMethodAccessorImpl.invoke(DelegatingMethodAccessorImpl.java:43) ~[na:1.8.0_201]
	at java.lang.reflect.Method.invoke(Method.java:498) ~[na:1.8.0_201]
	at org.springframework.web.method.support.InvocableHandlerMethod.doInvoke(InvocableHandlerMethod.java:190) ~[spring-web-5.1.8.RELEASE.jar:5.1.8.RELEASE]
	at org.springframework.web.method.support.InvocableHandlerMethod.invokeForRequest(InvocableHandlerMethod.java:138) ~[spring-web-5.1.8.RELEASE.jar:5.1.8.RELEASE]
	at org.springframework.web.servlet.mvc.method.annotation.ServletInvocableHandlerMethod.invokeAndHandle(ServletInvocableHandlerMethod.java:104) ~[spring-webmvc-5.1.8.RELEASE.jar:5.1.8.RELEASE]
	at org.springframework.web.servlet.mvc.method.annotation.RequestMappingHandlerAdapter.invokeHandlerMethod(RequestMappingHandlerAdapter.java:892) ~[spring-webmvc-5.1.8.RELEASE.jar:5.1.8.RELEASE]
	at org.springframework.web.servlet.mvc.method.annotation.RequestMappingHandlerAdapter.handleInternal(RequestMappingHandlerAdapter.java:797) ~[spring-webmvc-5.1.8.RELEASE.jar:5.1.8.RELEASE]
	at org.springframework.web.servlet.mvc.method.AbstractHandlerMethodAdapter.handle(AbstractHandlerMethodAdapter.java:87) ~[spring-webmvc-5.1.8.RELEASE.jar:5.1.8.RELEASE]
	at org.springframework.web.servlet.DispatcherServlet.doDispatch(DispatcherServlet.java:1039) ~[spring-webmvc-5.1.8.RELEASE.jar:5.1.8.RELEASE]
	at org.springframework.web.servlet.DispatcherServlet.doService(DispatcherServlet.java:942) ~[spring-webmvc-5.1.8.RELEASE.jar:5.1.8.RELEASE]
	at org.springframework.web.servlet.FrameworkServlet.processRequest(FrameworkServlet.java:1005) ~[spring-webmvc-5.1.8.RELEASE.jar:5.1.8.RELEASE]
	at org.springframework.web.servlet.FrameworkServlet.doGet(FrameworkServlet.java:897) ~[spring-webmvc-5.1.8.RELEASE.jar:5.1.8.RELEASE]
	at javax.servlet.http.HttpServlet.service(HttpServlet.java:634) ~[tomcat-embed-core-9.0.21.jar:9.0.21]
	at org.springframework.web.servlet.FrameworkServlet.service(FrameworkServlet.java:882) ~[spring-webmvc-5.1.8.RELEASE.jar:5.1.8.RELEASE]
	at javax.servlet.http.HttpServlet.service(HttpServlet.java:741) ~[tomcat-embed-core-9.0.21.jar:9.0.21]
	at org.apache.catalina.core.ApplicationFilterChain.internalDoFilter(ApplicationFilterChain.java:231) ~[tomcat-embed-core-9.0.21.jar:9.0.21]
	at org.apache.catalina.core.ApplicationFilterChain.doFilter(ApplicationFilterChain.java:166) ~[tomcat-embed-core-9.0.21.jar:9.0.21]
	at org.apache.tomcat.websocket.server.WsFilter.doFilter(WsFilter.java:53) ~[tomcat-embed-websocket-9.0.21.jar:9.0.21]
	at org.apache.catalina.core.ApplicationFilterChain.internalDoFilter(ApplicationFilterChain.java:193) ~[tomcat-embed-core-9.0.21.jar:9.0.21]
	at org.apache.catalina.core.ApplicationFilterChain.doFilter(ApplicationFilterChain.java:166) ~[tomcat-embed-core-9.0.21.jar:9.0.21]
	at org.springframework.web.filter.RequestContextFilter.doFilterInternal(RequestContextFilter.java:99) ~[spring-web-5.1.8.RELEASE.jar:5.1.8.RELEASE]
	at org.springframework.web.filter.OncePerRequestFilter.doFilter(OncePerRequestFilter.java:109) ~[spring-web-5.1.8.RELEASE.jar:5.1.8.RELEASE]
	at org.apache.catalina.core.ApplicationFilterChain.internalDoFilter(ApplicationFilterChain.java:193) ~[tomcat-embed-core-9.0.21.jar:9.0.21]
	at org.apache.catalina.core.ApplicationFilterChain.doFilter(ApplicationFilterChain.java:166) ~[tomcat-embed-core-9.0.21.jar:9.0.21]
	at org.springframework.web.filter.FormContentFilter.doFilterInternal(FormContentFilter.java:92) ~[spring-web-5.1.8.RELEASE.jar:5.1.8.RELEASE]
	at org.springframework.web.filter.OncePerRequestFilter.doFilter(OncePerRequestFilter.java:109) ~[spring-web-5.1.8.RELEASE.jar:5.1.8.RELEASE]
	at org.apache.catalina.core.ApplicationFilterChain.internalDoFilter(ApplicationFilterChain.java:193) ~[tomcat-embed-core-9.0.21.jar:9.0.21]
	at org.apache.catalina.core.ApplicationFilterChain.doFilter(ApplicationFilterChain.java:166) ~[tomcat-embed-core-9.0.21.jar:9.0.21]
	at org.springframework.web.filter.HiddenHttpMethodFilter.doFilterInternal(HiddenHttpMethodFilter.java:93) ~[spring-web-5.1.8.RELEASE.jar:5.1.8.RELEASE]
	at org.springframework.web.filter.OncePerRequestFilter.doFilter(OncePerRequestFilter.java:109) ~[spring-web-5.1.8.RELEASE.jar:5.1.8.RELEASE]
	at org.apache.catalina.core.ApplicationFilterChain.internalDoFilter(ApplicationFilterChain.java:193) ~[tomcat-embed-core-9.0.21.jar:9.0.21]
	at org.apache.catalina.core.ApplicationFilterChain.doFilter(ApplicationFilterChain.java:166) ~[tomcat-embed-core-9.0.21.jar:9.0.21]
	at org.springframework.web.filter.CharacterEncodingFilter.doFilterInternal(CharacterEncodingFilter.java:200) ~[spring-web-5.1.8.RELEASE.jar:5.1.8.RELEASE]
	at org.springframework.web.filter.OncePerRequestFilter.doFilter(OncePerRequestFilter.java:109) ~[spring-web-5.1.8.RELEASE.jar:5.1.8.RELEASE]
	at org.apache.catalina.core.ApplicationFilterChain.internalDoFilter(ApplicationFilterChain.java:193) ~[tomcat-embed-core-9.0.21.jar:9.0.21]
	at org.apache.catalina.core.ApplicationFilterChain.doFilter(ApplicationFilterChain.java:166) ~[tomcat-embed-core-9.0.21.jar:9.0.21]
	at org.apache.catalina.core.StandardWrapperValve.invoke(StandardWrapperValve.java:202) ~[tomcat-embed-core-9.0.21.jar:9.0.21]
	at org.apache.catalina.core.StandardContextValve.invoke(StandardContextValve.java:96) [tomcat-embed-core-9.0.21.jar:9.0.21]
	at org.apache.catalina.authenticator.AuthenticatorBase.invoke(AuthenticatorBase.java:490) [tomcat-embed-core-9.0.21.jar:9.0.21]
	at org.apache.catalina.core.StandardHostValve.invoke(StandardHostValve.java:139) [tomcat-embed-core-9.0.21.jar:9.0.21]
	at org.apache.catalina.valves.ErrorReportValve.invoke(ErrorReportValve.java:92) [tomcat-embed-core-9.0.21.jar:9.0.21]
	at org.apache.catalina.core.StandardEngineValve.invoke(StandardEngineValve.java:74) [tomcat-embed-core-9.0.21.jar:9.0.21]
	at org.apache.catalina.connector.CoyoteAdapter.service(CoyoteAdapter.java:343) [tomcat-embed-core-9.0.21.jar:9.0.21]
	at org.apache.coyote.http11.Http11Processor.service(Http11Processor.java:408) [tomcat-embed-core-9.0.21.jar:9.0.21]
	at org.apache.coyote.AbstractProcessorLight.process(AbstractProcessorLight.java:66) [tomcat-embed-core-9.0.21.jar:9.0.21]
	at org.apache.coyote.AbstractProtocol$ConnectionHandler.process(AbstractProtocol.java:853) [tomcat-embed-core-9.0.21.jar:9.0.21]
	at org.apache.tomcat.util.net.NioEndpoint$SocketProcessor.doRun(NioEndpoint.java:1587) [tomcat-embed-core-9.0.21.jar:9.0.21]
	at org.apache.tomcat.util.net.SocketProcessorBase.run(SocketProcessorBase.java:49) [tomcat-embed-core-9.0.21.jar:9.0.21]
	at java.util.concurrent.ThreadPoolExecutor.runWorker(ThreadPoolExecutor.java:1149) [na:1.8.0_201]
	at java.util.concurrent.ThreadPoolExecutor$Worker.run(ThreadPoolExecutor.java:624) [na:1.8.0_201]
	at org.apache.tomcat.util.threads.TaskThread$WrappingRunnable.run(TaskThread.java:61) [tomcat-embed-core-9.0.21.jar:9.0.21]
	at java.lang.Thread.run(Thread.java:748) [na:1.8.0_201]

2019-07-18 21:03:24.195 DEBUG 4540 --- [http-nio-8980-exec-3] o.s.web.servlet.DispatcherServlet        : "ERROR" dispatch for GET "/error?newCapacity=100", parameters={masked}
2019-07-18 21:03:24.195 DEBUG 4540 --- [http-nio-8980-exec-3] s.w.s.m.m.a.RequestMappingHandlerMapping : Mapped to public org.springframework.http.ResponseEntity<java.util.Map<java.lang.String, java.lang.Object>> org.springframework.boot.autoconfigure.web.servlet.error.BasicErrorController.error(javax.servlet.http.HttpServletRequest)
2019-07-18 21:03:24.205 DEBUG 4540 --- [http-nio-8980-exec-3] o.s.w.s.m.m.a.HttpEntityMethodProcessor  : Using 'application/json', given [*/*] and supported [application/json, application/*+json, application/json, application/*+json]
2019-07-18 21:03:24.205 DEBUG 4540 --- [http-nio-8980-exec-3] o.s.w.s.m.m.a.HttpEntityMethodProcessor  : Writing [{timestamp=Thu Jul 18 21:03:24 CST 2019, status=500, error=Internal Server Error, message=No value p (truncated)...]
2019-07-18 21:03:24.235 DEBUG 4540 --- [http-nio-8980-exec-3] o.s.web.servlet.DispatcherServlet        : Exiting from "ERROR" dispatch, status 500
2019-07-18 21:03:49.188 DEBUG 4540 --- [http-nio-8980-exec-5] o.s.web.servlet.DispatcherServlet        : GET "/parkingLot", parameters={}
2019-07-18 21:03:49.189 DEBUG 4540 --- [http-nio-8980-exec-5] s.w.s.m.m.a.RequestMappingHandlerMapping : Mapped to public void com.thoughtworks.parking_lot.controller.ParkingLotController.init()
2019-07-18 21:03:49.197 DEBUG 4540 --- [http-nio-8980-exec-5] m.m.a.RequestResponseBodyMethodProcessor : Using 'application/json', given [*/*] and supported [application/json, application/*+json, application/json, application/*+json]
2019-07-18 21:03:49.197 DEBUG 4540 --- [http-nio-8980-exec-5] m.m.a.RequestResponseBodyMethodProcessor : Nothing to write: null body
2019-07-18 21:03:49.197 DEBUG 4540 --- [http-nio-8980-exec-5] o.s.web.servlet.DispatcherServlet        : Completed 200 OK
2019-07-18 21:04:13.843 DEBUG 4540 --- [http-nio-8980-exec-6] o.s.web.servlet.DispatcherServlet        : GET "/parkingLot", parameters={}
2019-07-18 21:04:13.844 DEBUG 4540 --- [http-nio-8980-exec-6] s.w.s.m.m.a.RequestMappingHandlerMapping : Mapped to public void com.thoughtworks.parking_lot.controller.ParkingLotController.init()
2019-07-18 21:04:13.856 DEBUG 4540 --- [http-nio-8980-exec-6] m.m.a.RequestResponseBodyMethodProcessor : Using 'application/json', given [*/*] and supported [application/json, application/*+json, application/json, application/*+json]
2019-07-18 21:04:13.856 DEBUG 4540 --- [http-nio-8980-exec-6] m.m.a.RequestResponseBodyMethodProcessor : Nothing to write: null body
2019-07-18 21:04:13.856 DEBUG 4540 --- [http-nio-8980-exec-6] o.s.web.servlet.DispatcherServlet        : Completed 200 OK
2019-07-18 21:05:06.408 DEBUG 4540 --- [http-nio-8980-exec-7] o.s.web.servlet.DispatcherServlet        : GET "/parkingLot", parameters={}
2019-07-18 21:05:06.409 DEBUG 4540 --- [http-nio-8980-exec-7] s.w.s.m.m.a.RequestMappingHandlerMapping : Mapped to public void com.thoughtworks.parking_lot.controller.ParkingLotController.init()
2019-07-18 21:05:06.417 DEBUG 4540 --- [http-nio-8980-exec-7] m.m.a.RequestResponseBodyMethodProcessor : Using 'application/json', given [*/*] and supported [application/json, application/*+json, application/json, application/*+json]
2019-07-18 21:05:06.417 DEBUG 4540 --- [http-nio-8980-exec-7] m.m.a.RequestResponseBodyMethodProcessor : Nothing to write: null body
2019-07-18 21:05:06.417 DEBUG 4540 --- [http-nio-8980-exec-7] o.s.web.servlet.DispatcherServlet        : Completed 200 OK
2019-07-18 21:05:13.558  INFO 57024 --- [restartedMain] c.t.parking_lot.ParkingLotApplication    : Starting ParkingLotApplication on ZHA-ITA126-W10 with PID 57024 (D:\OOCL_workplace\IDEA_workplace\homework\Parking-Lot-Template-2019-7-18-8-5-49-775\out\production\classes started by TANGLO2 in D:\OOCL_workplace\IDEA_workplace\homework\Parking-Lot-Template-2019-7-18-8-5-49-775)
2019-07-18 21:05:13.560  INFO 57024 --- [restartedMain] c.t.parking_lot.ParkingLotApplication    : The following profiles are active: local
2019-07-18 21:05:13.608  INFO 57024 --- [restartedMain] .e.DevToolsPropertyDefaultsPostProcessor : Devtools property defaults active! Set 'spring.devtools.add-properties' to 'false' to disable
2019-07-18 21:05:13.609  INFO 57024 --- [restartedMain] .e.DevToolsPropertyDefaultsPostProcessor : For additional web related logging consider setting the 'logging.level.web' property to 'DEBUG'
2019-07-18 21:05:14.835  INFO 57024 --- [restartedMain] .s.d.r.c.RepositoryConfigurationDelegate : Bootstrapping Spring Data repositories in DEFAULT mode.
2019-07-18 21:05:14.893  INFO 57024 --- [restartedMain] .s.d.r.c.RepositoryConfigurationDelegate : Finished Spring Data repository scanning in 53ms. Found 1 repository interfaces.
2019-07-18 21:05:15.250  INFO 57024 --- [restartedMain] trationDelegate$BeanPostProcessorChecker : Bean 'org.springframework.transaction.annotation.ProxyTransactionManagementConfiguration' of type [org.springframework.transaction.annotation.ProxyTransactionManagementConfiguration$$EnhancerBySpringCGLIB$$41f2f3f] is not eligible for getting processed by all BeanPostProcessors (for example: not eligible for auto-proxying)
2019-07-18 21:05:15.848  INFO 57024 --- [restartedMain] o.s.b.w.embedded.tomcat.TomcatWebServer  : Tomcat initialized with port(s): 8980 (http)
2019-07-18 21:05:15.876  INFO 57024 --- [restartedMain] o.apache.catalina.core.StandardService   : Starting service [Tomcat]
2019-07-18 21:05:15.876  INFO 57024 --- [restartedMain] org.apache.catalina.core.StandardEngine  : Starting Servlet engine: [Apache Tomcat/9.0.21]
2019-07-18 21:05:15.939  INFO 57024 --- [restartedMain] o.a.catalina.core.AprLifecycleListener   : An older version [1.2.16] of the APR based Apache Tomcat Native library is installed, while Tomcat recommends a minimum version of [1.2.21]
2019-07-18 21:05:15.940  INFO 57024 --- [restartedMain] o.a.catalina.core.AprLifecycleListener   : Loaded APR based Apache Tomcat Native library [1.2.16] using APR version [1.6.3].
2019-07-18 21:05:15.940  INFO 57024 --- [restartedMain] o.a.catalina.core.AprLifecycleListener   : APR capabilities: IPv6 [true], sendfile [true], accept filters [false], random [true].
2019-07-18 21:05:15.940  INFO 57024 --- [restartedMain] o.a.catalina.core.AprLifecycleListener   : APR/OpenSSL configuration: useAprConnector [false], useOpenSSL [true]
2019-07-18 21:05:16.991  INFO 57024 --- [restartedMain] o.a.catalina.core.AprLifecycleListener   : OpenSSL successfully initialized [OpenSSL 1.0.2m  2 Nov 2017]
2019-07-18 21:05:17.122  INFO 57024 --- [restartedMain] o.a.c.c.C.[Tomcat].[localhost].[/]       : Initializing Spring embedded WebApplicationContext
2019-07-18 21:05:17.123 DEBUG 57024 --- [restartedMain] o.s.web.context.ContextLoader            : Published root WebApplicationContext as ServletContext attribute with name [org.springframework.web.context.WebApplicationContext.ROOT]
2019-07-18 21:05:17.123  INFO 57024 --- [restartedMain] o.s.web.context.ContextLoader            : Root WebApplicationContext: initialization completed in 3514 ms
2019-07-18 21:05:17.275  INFO 57024 --- [restartedMain] com.zaxxer.hikari.HikariDataSource       : HikariPool-1 - Starting...
2019-07-18 21:05:17.468  INFO 57024 --- [restartedMain] com.zaxxer.hikari.HikariDataSource       : HikariPool-1 - Start completed.
2019-07-18 21:05:18.526  INFO 57024 --- [restartedMain] j.LocalContainerEntityManagerFactoryBean : Initialized JPA EntityManagerFactory for persistence unit 'default'
2019-07-18 21:05:18.545  INFO 57024 --- [restartedMain] o.s.b.d.a.OptionalLiveReloadServer       : LiveReload server is running on port 35729
2019-07-18 21:05:18.869 DEBUG 57024 --- [restartedMain] o.s.w.s.handler.SimpleUrlHandlerMapping  : Patterns [/**/favicon.ico] in 'faviconHandlerMapping'
2019-07-18 21:05:19.022  INFO 57024 --- [restartedMain] o.s.s.concurrent.ThreadPoolTaskExecutor  : Initializing ExecutorService 'applicationTaskExecutor'
2019-07-18 21:05:19.032 DEBUG 57024 --- [restartedMain] s.w.s.m.m.a.RequestMappingHandlerAdapter : ControllerAdvice beans: 0 @ModelAttribute, 0 @InitBinder, 1 RequestBodyAdvice, 1 ResponseBodyAdvice
2019-07-18 21:05:19.074  WARN 57024 --- [restartedMain] aWebConfiguration$JpaWebMvcConfiguration : spring.jpa.open-in-view is enabled by default. Therefore, database queries may be performed during view rendering. Explicitly configure spring.jpa.open-in-view to disable this warning
2019-07-18 21:05:19.109 DEBUG 57024 --- [restartedMain] s.w.s.m.m.a.RequestMappingHandlerMapping : 7 mappings in 'requestMappingHandlerMapping'
2019-07-18 21:05:19.260 DEBUG 57024 --- [restartedMain] o.s.w.s.handler.SimpleUrlHandlerMapping  : Patterns [/webjars/**, /**] in 'resourceHandlerMapping'
2019-07-18 21:05:19.270 DEBUG 57024 --- [restartedMain] .m.m.a.ExceptionHandlerExceptionResolver : ControllerAdvice beans: 0 @ExceptionHandler, 1 ResponseBodyAdvice
2019-07-18 21:05:19.443  INFO 57024 --- [restartedMain] o.s.b.w.embedded.tomcat.TomcatWebServer  : Tomcat started on port(s): 8980 (http) with context path ''
2019-07-18 21:05:19.445  INFO 57024 --- [restartedMain] c.t.parking_lot.ParkingLotApplication    : Started ParkingLotApplication in 6.382 seconds (JVM running for 7.055)
2019-07-18 21:05:41.566  INFO 412 --- [restartedMain] c.t.parking_lot.ParkingLotApplication    : Starting ParkingLotApplication on ZHA-ITA126-W10 with PID 412 (D:\OOCL_workplace\IDEA_workplace\homework\Parking-Lot-Template-2019-7-18-8-5-49-775\out\production\classes started by TANGLO2 in D:\OOCL_workplace\IDEA_workplace\homework\Parking-Lot-Template-2019-7-18-8-5-49-775)
2019-07-18 21:05:41.570  INFO 412 --- [restartedMain] c.t.parking_lot.ParkingLotApplication    : The following profiles are active: local
2019-07-18 21:05:41.617  INFO 412 --- [restartedMain] .e.DevToolsPropertyDefaultsPostProcessor : Devtools property defaults active! Set 'spring.devtools.add-properties' to 'false' to disable
2019-07-18 21:05:41.617  INFO 412 --- [restartedMain] .e.DevToolsPropertyDefaultsPostProcessor : For additional web related logging consider setting the 'logging.level.web' property to 'DEBUG'
2019-07-18 21:05:42.581  INFO 412 --- [restartedMain] .s.d.r.c.RepositoryConfigurationDelegate : Bootstrapping Spring Data repositories in DEFAULT mode.
2019-07-18 21:05:42.636  INFO 412 --- [restartedMain] .s.d.r.c.RepositoryConfigurationDelegate : Finished Spring Data repository scanning in 45ms. Found 1 repository interfaces.
2019-07-18 21:05:42.971  INFO 412 --- [restartedMain] trationDelegate$BeanPostProcessorChecker : Bean 'org.springframework.transaction.annotation.ProxyTransactionManagementConfiguration' of type [org.springframework.transaction.annotation.ProxyTransactionManagementConfiguration$$EnhancerBySpringCGLIB$$6c2fdfa9] is not eligible for getting processed by all BeanPostProcessors (for example: not eligible for auto-proxying)
2019-07-18 21:05:43.545  INFO 412 --- [restartedMain] o.s.b.w.embedded.tomcat.TomcatWebServer  : Tomcat initialized with port(s): 8980 (http)
2019-07-18 21:05:43.570  INFO 412 --- [restartedMain] o.apache.catalina.core.StandardService   : Starting service [Tomcat]
2019-07-18 21:05:43.570  INFO 412 --- [restartedMain] org.apache.catalina.core.StandardEngine  : Starting Servlet engine: [Apache Tomcat/9.0.21]
2019-07-18 21:05:43.630  INFO 412 --- [restartedMain] o.a.catalina.core.AprLifecycleListener   : An older version [1.2.16] of the APR based Apache Tomcat Native library is installed, while Tomcat recommends a minimum version of [1.2.21]
2019-07-18 21:05:43.630  INFO 412 --- [restartedMain] o.a.catalina.core.AprLifecycleListener   : Loaded APR based Apache Tomcat Native library [1.2.16] using APR version [1.6.3].
2019-07-18 21:05:43.630  INFO 412 --- [restartedMain] o.a.catalina.core.AprLifecycleListener   : APR capabilities: IPv6 [true], sendfile [true], accept filters [false], random [true].
2019-07-18 21:05:43.630  INFO 412 --- [restartedMain] o.a.catalina.core.AprLifecycleListener   : APR/OpenSSL configuration: useAprConnector [false], useOpenSSL [true]
2019-07-18 21:05:44.695  INFO 412 --- [restartedMain] o.a.catalina.core.AprLifecycleListener   : OpenSSL successfully initialized [OpenSSL 1.0.2m  2 Nov 2017]
2019-07-18 21:05:44.815  INFO 412 --- [restartedMain] o.a.c.c.C.[Tomcat].[localhost].[/]       : Initializing Spring embedded WebApplicationContext
2019-07-18 21:05:44.815 DEBUG 412 --- [restartedMain] o.s.web.context.ContextLoader            : Published root WebApplicationContext as ServletContext attribute with name [org.springframework.web.context.WebApplicationContext.ROOT]
2019-07-18 21:05:44.815  INFO 412 --- [restartedMain] o.s.web.context.ContextLoader            : Root WebApplicationContext: initialization completed in 3198 ms
2019-07-18 21:05:44.980  INFO 412 --- [restartedMain] com.zaxxer.hikari.HikariDataSource       : HikariPool-1 - Starting...
2019-07-18 21:05:45.156  INFO 412 --- [restartedMain] com.zaxxer.hikari.HikariDataSource       : HikariPool-1 - Start completed.
2019-07-18 21:05:46.270  INFO 412 --- [restartedMain] j.LocalContainerEntityManagerFactoryBean : Initialized JPA EntityManagerFactory for persistence unit 'default'
2019-07-18 21:05:46.285  INFO 412 --- [restartedMain] o.s.b.d.a.OptionalLiveReloadServer       : LiveReload server is running on port 35729
2019-07-18 21:05:46.580 DEBUG 412 --- [restartedMain] o.s.w.s.handler.SimpleUrlHandlerMapping  : Patterns [/**/favicon.ico] in 'faviconHandlerMapping'
2019-07-18 21:05:46.730  INFO 412 --- [restartedMain] o.s.s.concurrent.ThreadPoolTaskExecutor  : Initializing ExecutorService 'applicationTaskExecutor'
2019-07-18 21:05:46.741 DEBUG 412 --- [restartedMain] s.w.s.m.m.a.RequestMappingHandlerAdapter : ControllerAdvice beans: 0 @ModelAttribute, 0 @InitBinder, 1 RequestBodyAdvice, 1 ResponseBodyAdvice
2019-07-18 21:05:46.779  WARN 412 --- [restartedMain] aWebConfiguration$JpaWebMvcConfiguration : spring.jpa.open-in-view is enabled by default. Therefore, database queries may be performed during view rendering. Explicitly configure spring.jpa.open-in-view to disable this warning
2019-07-18 21:05:46.951 DEBUG 412 --- [restartedMain] s.w.s.m.m.a.RequestMappingHandlerMapping : 7 mappings in 'requestMappingHandlerMapping'
2019-07-18 21:05:46.965 DEBUG 412 --- [restartedMain] o.s.w.s.handler.SimpleUrlHandlerMapping  : Patterns [/webjars/**, /**] in 'resourceHandlerMapping'
2019-07-18 21:05:46.975 DEBUG 412 --- [restartedMain] .m.m.a.ExceptionHandlerExceptionResolver : ControllerAdvice beans: 0 @ExceptionHandler, 1 ResponseBodyAdvice
2019-07-18 21:05:47.145  INFO 412 --- [restartedMain] o.s.b.w.embedded.tomcat.TomcatWebServer  : Tomcat started on port(s): 8980 (http) with context path ''
2019-07-18 21:05:47.151  INFO 412 --- [restartedMain] c.t.parking_lot.ParkingLotApplication    : Started ParkingLotApplication in 6.126 seconds (JVM running for 6.765)
2019-07-18 21:06:22.609  INFO 412 --- [http-nio-8980-exec-2] o.a.c.c.C.[Tomcat].[localhost].[/]       : Initializing Spring DispatcherServlet 'dispatcherServlet'
2019-07-18 21:06:22.610  INFO 412 --- [http-nio-8980-exec-2] o.s.web.servlet.DispatcherServlet        : Initializing Servlet 'dispatcherServlet'
2019-07-18 21:06:22.610 DEBUG 412 --- [http-nio-8980-exec-2] o.s.web.servlet.DispatcherServlet        : Detected StandardServletMultipartResolver
2019-07-18 21:06:22.618 DEBUG 412 --- [http-nio-8980-exec-2] o.s.web.servlet.DispatcherServlet        : enableLoggingRequestDetails='false': request parameters and headers will be masked to prevent unsafe logging of potentially sensitive data
2019-07-18 21:06:22.618  INFO 412 --- [http-nio-8980-exec-2] o.s.web.servlet.DispatcherServlet        : Completed initialization in 8 ms
2019-07-18 21:06:22.628 DEBUG 412 --- [http-nio-8980-exec-2] o.s.web.servlet.DispatcherServlet        : GET "/parkingLot", parameters={}
2019-07-18 21:06:22.633 DEBUG 412 --- [http-nio-8980-exec-2] s.w.s.m.m.a.RequestMappingHandlerMapping : Mapped to public java.util.List<com.thoughtworks.parking_lot.model.ParkingLot> com.thoughtworks.parking_lot.controller.ParkingLotController.init()
2019-07-18 21:06:22.905 DEBUG 412 --- [http-nio-8980-exec-2] m.m.a.RequestResponseBodyMethodProcessor : Using 'application/json', given [*/*] and supported [application/json, application/*+json, application/json, application/*+json]
2019-07-18 21:06:22.905 DEBUG 412 --- [http-nio-8980-exec-2] m.m.a.RequestResponseBodyMethodProcessor : Writing [[id:97
name:parkingLotA
capacity:38
position:tang jia, id:98
name:parkingLotB
capacity:58
position:n (truncated)...]
2019-07-18 21:06:22.960 DEBUG 412 --- [http-nio-8980-exec-2] o.s.web.servlet.DispatcherServlet        : Completed 200 OK
2019-07-18 21:07:18.064 DEBUG 412 --- [http-nio-8980-exec-3] o.s.web.servlet.DispatcherServlet        : PUT "/parkingLot/98?newCapacity=100", parameters={masked}
2019-07-18 21:07:18.065 DEBUG 412 --- [http-nio-8980-exec-3] s.w.s.m.m.a.RequestMappingHandlerMapping : Mapped to public java.util.List<com.thoughtworks.parking_lot.model.ParkingLot> com.thoughtworks.parking_lot.controller.ParkingLotController.updateParkingLot(java.lang.Long,java.lang.Long)
2019-07-18 21:07:18.084 DEBUG 412 --- [http-nio-8980-exec-3] m.m.a.RequestResponseBodyMethodProcessor : Using 'application/json', given [*/*] and supported [application/json, application/*+json, application/json, application/*+json]
2019-07-18 21:07:18.084 DEBUG 412 --- [http-nio-8980-exec-3] m.m.a.RequestResponseBodyMethodProcessor : Writing [[id:97
name:parkingLotA
capacity:38
position:tang jia, id:98
name:parkingLotB
capacity:100
position: (truncated)...]
2019-07-18 21:07:18.086 DEBUG 412 --- [http-nio-8980-exec-3] o.s.web.servlet.DispatcherServlet        : Completed 200 OK
